e:\games\rpg\x64\debug\vc143.pdb
e:\games\rpg\x64\debug\vc143.idb
e:\games\rpg\x64\debug\background.obj
e:\games\rpg\x64\debug\player.obj
e:\games\rpg\x64\debug\main.obj
e:\games\rpg\x64\debug\action.obj
e:\games\rpg\x64\debug\monster.obj
e:\games\rpg\x64\debug\hitbox.obj
e:\games\rpg\x64\debug\circleattacks.obj
e:\games\rpg\x64\debug\attacks.obj
e:\games\rpg\x64\debug\resource.obj
e:\games\rpg\x64\debug\globalvariables.obj
e:\games\rpg\x64\debug\rpg.ilk
e:\games\rpg\x64\debug\rpg.exe
e:\games\rpg\x64\debug\rpg.pdb
e:\games\rpg\x64\debug\raylib.dll
e:\games\rpg\x64\debug\engine.obj
e:\games\rpg\x64\debug\input.obj
e:\games\rpg\x64\debug\key.obj
e:\games\rpg\x64\debug\physics.obj
e:\games\rpg\x64\debug\spells.obj
e:\games\rpg\x64\debug\main.obj.enc
e:\games\rpg\x64\debug\monster.obj.enc
e:\games\rpg\x64\debug\player.obj.enc
e:\games\rpg\x64\debug\rpg.tlog\cl.command.1.tlog
e:\games\rpg\x64\debug\rpg.tlog\cl.items.tlog
e:\games\rpg\x64\debug\rpg.tlog\cl.read.1.tlog
e:\games\rpg\x64\debug\rpg.tlog\cl.write.1.tlog
e:\games\rpg\x64\debug\rpg.tlog\link.command.1.tlog
e:\games\rpg\x64\debug\rpg.tlog\link.read.1.tlog
e:\games\rpg\x64\debug\rpg.tlog\link.write.1.tlog
e:\games\rpg\x64\debug\rpg.tlog\rpg.write.1u.tlog
