-- Found external ninja('1.11.0').
-- Configuring x86-windows
[1/1] "E:/Program Files/Visual Studio/Common7/IDE/CommonExtensions/Microsoft/CMake/CMake/bin/cmake.exe" -E chdir ".." "E:/Program Files/Visual Studio/Common7/IDE/CommonExtensions/Microsoft/CMake/CMake/bin/cmake.exe" "E:/Program Files/Visual Studio/VC/vcpkg/scripts/detect_compiler" "-G" "Ninja" "-DCMAKE_BUILD_TYPE=Release" "-DCMAKE_INSTALL_PREFIX=E:/Games/RPG/vcpkg_installed/vcpkg/pkgs/detect_compiler_x86-windows" "-DCMAKE_MAKE_PROGRAM=E:/Program Files/Visual Studio/Common7/IDE/CommonExtensions/Microsoft/CMake/Ninja/ninja.exe" "-DBUILD_SHARED_LIBS=ON" "-DVCPKG_CHAINLOAD_TOOLCHAIN_FILE=E:/Program Files/Visual Studio/VC/vcpkg/scripts/toolchains/windows.cmake" "-DVCPKG_TARGET_TRIPLET=x86-windows" "-DVCPKG_SET_CHARSET_FLAG=ON" "-DVCPKG_PLATFORM_TOOLSET=v143" "-DCMAKE_EXPORT_NO_PACKAGE_REGISTRY=ON" "-DCMAKE_FIND_PACKAGE_NO_PACKAGE_REGISTRY=ON" "-DCMAKE_FIND_PACKAGE_NO_SYSTEM_PACKAGE_REGISTRY=ON" "-DCMAKE_INSTALL_SYSTEM_RUNTIME_LIBS_SKIP=TRUE" "-DCMAKE_VERBOSE_MAKEFILE=ON" "-DVCPKG_APPLOCAL_DEPS=OFF" "-DCMAKE_TOOLCHAIN_FILE=E:/Program Files/Visual Studio/VC/vcpkg/scripts/buildsystems/vcpkg.cmake" "-DCMAKE_ERROR_ON_ABSOLUTE_INSTALL_DESTINATION=ON" "-DVCPKG_CXX_FLAGS=" "-DVCPKG_CXX_FLAGS_RELEASE=" "-DVCPKG_CXX_FLAGS_DEBUG=" "-DVCPKG_C_FLAGS=" "-DVCPKG_C_FLAGS_RELEASE=" "-DVCPKG_C_FLAGS_DEBUG=" "-DVCPKG_CRT_LINKAGE=dynamic" "-DVCPKG_LINKER_FLAGS=" "-DVCPKG_LINKER_FLAGS_RELEASE=" "-DVCPKG_LINKER_FLAGS_DEBUG=" "-DVCPKG_TARGET_ARCHITECTURE=x86" "-DCMAKE_INSTALL_LIBDIR:STRING=lib" "-DCMAKE_INSTALL_BINDIR:STRING=bin" "-D_VCPKG_ROOT_DIR=E:/Program Files/Visual Studio/VC/vcpkg" "-DZ_VCPKG_ROOT_DIR=E:/Program Files/Visual Studio/VC/vcpkg" "-D_VCPKG_INSTALLED_DIR=E:/Games/RPG/vcpkg_installed" "-DVCPKG_MANIFEST_INSTALL=OFF"
-- The C compiler identification is MSVC 19.37.32825.0
-- The CXX compiler identification is MSVC 19.37.32825.0
#COMPILER_HASH#8e0ac278e1a60b91c632840f35fa40d58ee7a4fb
#COMPILER_C_HASH#ad40f505ee74eca1abc155d786caa4ae8810993c
#COMPILER_C_VERSION#19.37.32825.0
#COMPILER_C_ID#MSVC
#COMPILER_CXX_HASH#ad40f505ee74eca1abc155d786caa4ae8810993c
#COMPILER_CXX_VERSION#19.37.32825.0
#COMPILER_CXX_ID#MSVC
-- Configuring done (1.0s)
-- Generating done (0.0s)
CMake Warning:
  Manually-specified variables were not used by the project:

    BUILD_SHARED_LIBS
    CMAKE_INSTALL_BINDIR
    CMAKE_INSTALL_LIBDIR
    _VCPKG_ROOT_DIR


-- Build files have been written to: E:/Games/RPG/vcpkg_installed/vcpkg/blds/detect_compiler/x86-windows-rel


