[1/8] "E:\Program Files\Visual Studio\VC\Tools\MSVC\14.37.32822\bin\Hostx64\x86\cl.exe"   /TP  -IE:\Games\RPG\vcpkg_installed\vcpkg\blds\imgui\src\v1.89.6-3b94b94077.clean /nologo /DWIN32 /D_WINDOWS /W3 /utf-8 /GR /EHsc /MP  /MD /O2 /Oi /Gy /DNDEBUG /Z7  -MD /showIncludes /FoCMakeFiles\imgui.dir\misc\cpp\imgui_stdlib.cpp.obj /FdCMakeFiles\imgui.dir\imgui.pdb /FS -c E:\Games\RPG\vcpkg_installed\vcpkg\blds\imgui\src\v1.89.6-3b94b94077.clean\misc\cpp\imgui_stdlib.cpp
[2/8] "E:\Program Files\Visual Studio\VC\Tools\MSVC\14.37.32822\bin\Hostx64\x86\cl.exe"   /TP  -IE:\Games\RPG\vcpkg_installed\vcpkg\blds\imgui\src\v1.89.6-3b94b94077.clean /nologo /DWIN32 /D_WINDOWS /W3 /utf-8 /GR /EHsc /MP  /MD /O2 /Oi /Gy /DNDEBUG /Z7  -MD /showIncludes /FoCMakeFiles\imgui.dir\imgui_tables.cpp.obj /FdCMakeFiles\imgui.dir\imgui.pdb /FS -c E:\Games\RPG\vcpkg_installed\vcpkg\blds\imgui\src\v1.89.6-3b94b94077.clean\imgui_tables.cpp
[3/8] "E:\Program Files\Visual Studio\VC\Tools\MSVC\14.37.32822\bin\Hostx64\x86\cl.exe"   /TP  -IE:\Games\RPG\vcpkg_installed\vcpkg\blds\imgui\src\v1.89.6-3b94b94077.clean /nologo /DWIN32 /D_WINDOWS /W3 /utf-8 /GR /EHsc /MP  /MD /O2 /Oi /Gy /DNDEBUG /Z7  -MD /showIncludes /FoCMakeFiles\imgui.dir\imgui_draw.cpp.obj /FdCMakeFiles\imgui.dir\imgui.pdb /FS -c E:\Games\RPG\vcpkg_installed\vcpkg\blds\imgui\src\v1.89.6-3b94b94077.clean\imgui_draw.cpp
[4/8] "E:\Program Files\Visual Studio\VC\Tools\MSVC\14.37.32822\bin\Hostx64\x86\cl.exe"   /TP  -IE:\Games\RPG\vcpkg_installed\vcpkg\blds\imgui\src\v1.89.6-3b94b94077.clean /nologo /DWIN32 /D_WINDOWS /W3 /utf-8 /GR /EHsc /MP  /MD /O2 /Oi /Gy /DNDEBUG /Z7  -MD /showIncludes /FoCMakeFiles\imgui.dir\imgui_widgets.cpp.obj /FdCMakeFiles\imgui.dir\imgui.pdb /FS -c E:\Games\RPG\vcpkg_installed\vcpkg\blds\imgui\src\v1.89.6-3b94b94077.clean\imgui_widgets.cpp
[5/8] "E:\Program Files\Visual Studio\VC\Tools\MSVC\14.37.32822\bin\Hostx64\x86\cl.exe"   /TP  -IE:\Games\RPG\vcpkg_installed\vcpkg\blds\imgui\src\v1.89.6-3b94b94077.clean /nologo /DWIN32 /D_WINDOWS /W3 /utf-8 /GR /EHsc /MP  /MD /O2 /Oi /Gy /DNDEBUG /Z7  -MD /showIncludes /FoCMakeFiles\imgui.dir\imgui.cpp.obj /FdCMakeFiles\imgui.dir\imgui.pdb /FS -c E:\Games\RPG\vcpkg_installed\vcpkg\blds\imgui\src\v1.89.6-3b94b94077.clean\imgui.cpp
[6/8] "E:\Program Files\Visual Studio\VC\Tools\MSVC\14.37.32822\bin\Hostx64\x86\cl.exe"   /TP  -IE:\Games\RPG\vcpkg_installed\vcpkg\blds\imgui\src\v1.89.6-3b94b94077.clean /nologo /DWIN32 /D_WINDOWS /W3 /utf-8 /GR /EHsc /MP  /MD /O2 /Oi /Gy /DNDEBUG /Z7  -MD /showIncludes /FoCMakeFiles\imgui.dir\imgui_demo.cpp.obj /FdCMakeFiles\imgui.dir\imgui.pdb /FS -c E:\Games\RPG\vcpkg_installed\vcpkg\blds\imgui\src\v1.89.6-3b94b94077.clean\imgui_demo.cpp
[7/8] cmd.exe /C "cd . && "E:\Program Files\Visual Studio\VC\Tools\MSVC\14.37.32822\bin\Hostx64\x86\lib.exe"  /machine:X86 /nologo /out:imgui.lib CMakeFiles\imgui.dir\imgui.cpp.obj CMakeFiles\imgui.dir\imgui_demo.cpp.obj CMakeFiles\imgui.dir\imgui_draw.cpp.obj CMakeFiles\imgui.dir\imgui_tables.cpp.obj CMakeFiles\imgui.dir\imgui_widgets.cpp.obj CMakeFiles\imgui.dir\m-- Install configuration: "Release"
-- Installing: E:/Games/RPG/vcpkg_installed/vcpkg/pkgs/imgui_x86-windows/lib/imgui.lib
-- Installing: E:/Games/RPG/vcpkg_installed/vcpkg/pkgs/imgui_x86-windows/include/imgui.h
-- Installing: E:/Games/RPG/vcpkg_installed/vcpkg/pkgs/imgui_x86-windows/include/imconfig.h
-- Installing: E:/Games/RPG/vcpkg_installed/vcpkg/pkgs/imgui_x86-windows/include/imgui_internal.h
-- Installing: E:/Games/RPG/vcpkg_installed/vcpkg/pkgs/imgui_x86-windows/include/imstb_textedit.h
-- Installing: E:/Games/RPG/vcpkg_installed/vcpkg/pkgs/imgui_x86-windows/include/imstb_rectpack.h
-- Installing: E:/Games/RPG/vcpkg_installed/vcpkg/pkgs/imgui_x86-windows/include/imstb_truetype.h
-- Installing: E:/Games/RPG/vcpkg_installed/vcpkg/pkgs/imgui_x86-windows/include/imgui_stdlib.h
-- Installing: E:/Games/RPG/vcpkg_installed/vcpkg/pkgs/imgui_x86-windows/share/imgui/imgui-config.cmake
-- Installing: E:/Games/RPG/vcpkg_installed/vcpkg/pkgs/imgui_x86-windows/share/imgui/imgui-targets.cmake
-- Installing: E:/Games/RPG/vcpkg_installed/vcpkg/pkgs/imgui_x86-windows/share/imgui/imgui-targets-release.cmake
isc\cpp\imgui_stdlib.cpp.obj  && cd ."
[7/8] cmd.exe /C "cd /D E:\Games\RPG\vcpkg_installed\vcpkg\blds\imgui\x86-windows-rel && "E:\Program Files\Visual Studio\Common7\IDE\CommonExtensions\Microsoft\CMake\CMake\bin\cmake.exe" -P cmake_install.cmake"
